<?xml version="1.0" encoding="UTF-8"?>
<!-- Generated by org.testng.reporters.JUnitReportReporter -->
<testsuite hostname="DESKTOP-BH3MCQC" failures="0" tests="1" name="TestCases.LoginTest" time="28.015" errors="0" timestamp="2024-10-16T20:33:05 IST" skipped="0">
  <testcase classname="TestCases.LoginTest" name="verify_Login" time="28.015"/>
</testsuite> <!-- TestCases.LoginTest -->
