<?xml version="1.0" encoding="UTF-8"?>
<!-- Generated by org.testng.reporters.JUnitReportReporter -->
<testsuite hostname="DESKTOP-BH3MCQC" failures="0" tests="1" name="TestCases.AccountRegistration" time="30.004" errors="0" timestamp="2024-10-16T17:52:09 IST" skipped="0">
  <testcase classname="TestCases.AccountRegistration" name="verify_Account_registration" time="30.004"/>
</testsuite> <!-- TestCases.AccountRegistration -->
